2023-07-10 21:58:46,397 [ERROR]  - An internal error occurred
java.lang.NullPointerException
	at com.openedge.pdt.core.ast.visitor.VisitorCreateBindings.processPostVisit(VisitorCreateBindings.java:446)
	at com.openedge.pdt.core.ast.visitor.VisitorCreateBindings.postVisit(VisitorCreateBindings.java:465)
	at com.openedge.pdt.core.ast.ProcedureDeclaration.accept(ProcedureDeclaration.java:26)
	at com.openedge.pdt.core.ast.ASTNode.acceptChildren(ASTNode.java:336)
	at com.openedge.pdt.core.ast.internal.CompilationUnit.accept(CompilationUnit.java:129)
	at com.openedge.pdt.core.ast.internal.CompilationUnit.computeBindings(CompilationUnit.java:500)
	at com.openedge.pdt.text.reconciler.ABLReconcileStrategy.postReconcileProcess(ABLReconcileStrategy.java:615)
	at com.openedge.pdt.text.reconciler.ABLReconcileStrategy.reconcile(ABLReconcileStrategy.java:549)
	at com.openedge.pdt.text.reconciler.ABLReconcileStrategy.reconcile(ABLReconcileStrategy.java:493)
	at com.openedge.pdt.text.reconciler.ABLMonoReconciler.process(ABLMonoReconciler.java:69)
	at com.openedge.pdt.text.reconciler.ABLAbstractReconciler$BackgroundThread.run(ABLAbstractReconciler.java:207)
2023-09-19 20:09:11,909 [ERROR]  - An internal error occurred
java.net.SocketException: Connection reset
	at java.base/java.net.SocketInputStream.read(SocketInputStream.java:186)
	at java.base/java.net.SocketInputStream.read(SocketInputStream.java:140)
	at java.base/java.io.BufferedInputStream.fill(BufferedInputStream.java:252)
	at java.base/java.io.BufferedInputStream.read1(BufferedInputStream.java:292)
	at java.base/java.io.BufferedInputStream.read(BufferedInputStream.java:351)
	at java.base/java.io.FilterInputStream.read(FilterInputStream.java:107)
	at com.openedge.core.runtime.AVMConnection.readIncomingMessage(AVMConnection.java:95)
	at com.openedge.core.runtime.AVMConnection$1.run(AVMConnection.java:425)
	at java.base/java.lang.Thread.run(Thread.java:834)
